Added Component: Designator=C1(C0603)
Added Component: Designator=C2(C0603)
Added Component: Designator=C3(C0805)
Added Component: Designator=C4(C1206)
Added Component: Designator=C5(CSVB)
Added Component: Designator=C6(C0603)
Added Component: Designator=C7(C1206)
Added Component: Designator=C8(C0603)
Added Component: Designator=C9(C0603)
Added Component: Designator=C10(C0603)
Added Component: Designator=J1(2POS3.5mm)
Added Component: Designator=L1(R0603)
Added Component: Designator=L2(R0603)
Added Component: Designator=P1(HDR2X4_CEN)
Added Component: Designator=P2(HDR1X5)
Added Component: Designator=R1(R0603)
Added Component: Designator=S1(SW)
Added Component: Designator=S2(SW)
Added Component: Designator=U1(SO-8)
Added Component: Designator=U2(SOT-23)
Added Component: Designator=U3(DIP28)
Added Pin To Net: NetName=+5V/ANA Pin=C4-1
Added Pin To Net: NetName=+5V/ANA Pin=C6-2
Added Pin To Net: NetName=+5V/ANA Pin=L1-2
Added Pin To Net: NetName=+5V/ANA Pin=P1-1
Added Pin To Net: NetName=+5V/ANA Pin=P1-5
Added Net: Name=+5V/ANA
Added Pin To Net: NetName=+5V/DIG Pin=C1-2
Added Pin To Net: NetName=+5V/DIG Pin=C2-2
Added Pin To Net: NetName=+5V/DIG Pin=C5-1
Added Pin To Net: NetName=+5V/DIG Pin=C7-1
Added Pin To Net: NetName=+5V/DIG Pin=C8-2
Added Pin To Net: NetName=+5V/DIG Pin=J1-1
Added Pin To Net: NetName=+5V/DIG Pin=L1-1
Added Pin To Net: NetName=+5V/DIG Pin=P2-1
Added Pin To Net: NetName=+5V/DIG Pin=S1-2
Added Pin To Net: NetName=+5V/DIG Pin=S2-2
Added Pin To Net: NetName=+5V/DIG Pin=U1-7
Added Pin To Net: NetName=+5V/DIG Pin=U2-1
Added Pin To Net: NetName=+5V/DIG Pin=U3-28
Added Net: Name=+5V/DIG
Added Pin To Net: NetName=AGND Pin=C4-2
Added Pin To Net: NetName=AGND Pin=C6-1
Added Pin To Net: NetName=AGND Pin=L2-2
Added Pin To Net: NetName=AGND Pin=P1-4
Added Pin To Net: NetName=AGND Pin=P1-8
Added Pin To Net: NetName=AGND Pin=U3-18
Added Pin To Net: NetName=AGND Pin=U3-27
Added Net: Name=AGND
Added Pin To Net: NetName=E1 Pin=P1-3
Added Pin To Net: NetName=E1 Pin=U3-17
Added Net: Name=E1
Added Pin To Net: NetName=E2 Pin=P1-7
Added Pin To Net: NetName=E2 Pin=U3-16
Added Net: Name=E2
Added Pin To Net: NetName=GND Pin=C1-1
Added Pin To Net: NetName=GND Pin=C2-1
Added Pin To Net: NetName=GND Pin=C3-1
Added Pin To Net: NetName=GND Pin=C5-2
Added Pin To Net: NetName=GND Pin=C7-2
Added Pin To Net: NetName=GND Pin=C8-1
Added Pin To Net: NetName=GND Pin=C9-1
Added Pin To Net: NetName=GND Pin=C10-1
Added Pin To Net: NetName=GND Pin=J1-2
Added Pin To Net: NetName=GND Pin=L2-1
Added Pin To Net: NetName=GND Pin=P2-4
Added Pin To Net: NetName=GND Pin=U1-4
Added Pin To Net: NetName=GND Pin=U2-3
Added Pin To Net: NetName=GND Pin=U3-1
Added Net: Name=GND
Added Pin To Net: NetName=NetC3_2 Pin=C3-2
Added Pin To Net: NetName=NetC3_2 Pin=U1-3
Added Pin To Net: NetName=NetC3_2 Pin=U2-2
Added Net: Name=NetC3_2
Added Pin To Net: NetName=NetR1_2 Pin=R1-2
Added Pin To Net: NetName=NetR1_2 Pin=U1-6
Added Net: Name=NetR1_2
Added Pin To Net: NetName=REF Pin=P1-2
Added Pin To Net: NetName=REF Pin=P1-6
Added Pin To Net: NetName=REF Pin=R1-1
Added Pin To Net: NetName=REF Pin=U1-2
Added Net: Name=REF
Added Pin To Net: NetName=RX_LCD Pin=P2-2
Added Pin To Net: NetName=RX_LCD Pin=U3-2
Added Net: Name=RX_LCD
Added Pin To Net: NetName=SW1 Pin=C10-2
Added Pin To Net: NetName=SW1 Pin=S2-1
Added Pin To Net: NetName=SW1 Pin=U3-13
Added Net: Name=SW1
Added Pin To Net: NetName=SW2 Pin=C9-2
Added Pin To Net: NetName=SW2 Pin=S1-1
Added Pin To Net: NetName=SW2 Pin=U3-14
Added Net: Name=SW2
Added Pin To Net: NetName=TX_LCD Pin=P2-3
Added Pin To Net: NetName=TX_LCD Pin=U3-3
Added Net: Name=TX_LCD
