Added Component: Designator=C1(C0603)
Added Component: Designator=C2(C0603)
Added Component: Designator=C3(C0603)
Added Component: Designator=C4(C0603)
Added Component: Designator=C5(C0603)
Added Component: Designator=C6(C0603)
Added Component: Designator=C7(C0603)
Added Component: Designator=C8(C0603)
Added Component: Designator=E1(EPAD)
Added Component: Designator=E2(EPAD)
Added Component: Designator=E3(EGND)
Added Component: Designator=P1(HDR1X4)
Added Component: Designator=R1(R0603)
Added Component: Designator=R2(R0603)
Added Component: Designator=R3(R0603)
Added Component: Designator=R4(R0603)
Added Component: Designator=R5(R0603)
Added Component: Designator=R6(R0603)
Added Component: Designator=R7(R0603)
Added Component: Designator=R8(R0402)
Added Component: Designator=R9(R0603)
Added Component: Designator=R10(R0603)
Added Component: Designator=R11(R0603)
Added Component: Designator=R12(R0603)
Added Component: Designator=U1(VSOP8)
Added Component: Designator=U2(VSOP8)
Added Component: Designator=U3(VSOP8)
Added Pin To Net: NetName=+1V25 Pin=P1-2
Added Pin To Net: NetName=+1V25 Pin=U2-3
Added Pin To Net: NetName=+1V25 Pin=U2-5
Added Pin To Net: NetName=+1V25 Pin=U3-3
Added Net: Name=+1V25
Added Pin To Net: NetName=+5V Pin=C3-2
Added Pin To Net: NetName=+5V Pin=C4-2
Added Pin To Net: NetName=+5V Pin=C7-2
Added Pin To Net: NetName=+5V Pin=P1-1
Added Pin To Net: NetName=+5V Pin=U1-7
Added Pin To Net: NetName=+5V Pin=U2-8
Added Pin To Net: NetName=+5V Pin=U3-8
Added Net: Name=+5V
Added Pin To Net: NetName=GND Pin=C2-2
Added Pin To Net: NetName=GND Pin=C3-1
Added Pin To Net: NetName=GND Pin=C4-1
Added Pin To Net: NetName=GND Pin=C7-1
Added Pin To Net: NetName=GND Pin=P1-4
Added Pin To Net: NetName=GND Pin=U1-4
Added Pin To Net: NetName=GND Pin=U2-4
Added Pin To Net: NetName=GND Pin=U3-4
Added Net: Name=GND
Added Pin To Net: NetName=NetC1_1 Pin=C1-1
Added Pin To Net: NetName=NetC1_1 Pin=R2-1
Added Pin To Net: NetName=NetC1_1 Pin=R6-2
Added Pin To Net: NetName=NetC1_1 Pin=U2-2
Added Net: Name=NetC1_1
Added Pin To Net: NetName=NetC1_2 Pin=C1-2
Added Pin To Net: NetName=NetC1_2 Pin=R1-1
Added Pin To Net: NetName=NetC1_2 Pin=R2-2
Added Pin To Net: NetName=NetC1_2 Pin=U2-1
Added Net: Name=NetC1_2
Added Pin To Net: NetName=NetC5_1 Pin=C5-1
Added Pin To Net: NetName=NetC5_1 Pin=C6-1
Added Pin To Net: NetName=NetC5_1 Pin=R9-1
Added Pin To Net: NetName=NetC5_1 Pin=U2-7
Added Net: Name=NetC5_1
Added Pin To Net: NetName=NetC5_2 Pin=C5-2
Added Pin To Net: NetName=NetC5_2 Pin=R9-2
Added Pin To Net: NetName=NetC5_2 Pin=U1-5
Added Net: Name=NetC5_2
Added Pin To Net: NetName=NetC6_2 Pin=C6-2
Added Pin To Net: NetName=NetC6_2 Pin=R8-1
Added Pin To Net: NetName=NetC6_2 Pin=U2-6
Added Net: Name=NetC6_2
Added Pin To Net: NetName=NetC8_1 Pin=C8-1
Added Pin To Net: NetName=NetC8_1 Pin=R10-2
Added Pin To Net: NetName=NetC8_1 Pin=R12-1
Added Pin To Net: NetName=NetC8_1 Pin=U3-1
Added Net: Name=NetC8_1
Added Pin To Net: NetName=NetC8_2 Pin=C8-2
Added Pin To Net: NetName=NetC8_2 Pin=R11-1
Added Pin To Net: NetName=NetC8_2 Pin=R12-2
Added Pin To Net: NetName=NetC8_2 Pin=U3-2
Added Net: Name=NetC8_2
Added Pin To Net: NetName=NetE1_1 Pin=R5-1
Added Net: Name=NetE1_1
Added Pin To Net: NetName=NetE2_1 Pin=R7-1
Added Net: Name=NetE2_1
Added Pin To Net: NetName=NetE3_1 Pin=R10-1
Added Net: Name=NetE3_1
Added Pin To Net: NetName=NetR3_1 Pin=R3-1
Added Pin To Net: NetName=NetR3_1 Pin=U1-1
Added Net: Name=NetR3_1
Added Pin To Net: NetName=NetR4_2 Pin=R4-2
Added Pin To Net: NetName=NetR4_2 Pin=U1-8
Added Net: Name=NetR4_2
Added Pin To Net: NetName=NetR5_2 Pin=R5-2
Added Pin To Net: NetName=NetR5_2 Pin=U1-2
Added Net: Name=NetR5_2
Added Pin To Net: NetName=NetR6_1 Pin=R6-1
Added Pin To Net: NetName=NetR6_1 Pin=R8-2
Added Pin To Net: NetName=NetR6_1 Pin=U1-6
Added Net: Name=NetR6_1
Added Pin To Net: NetName=NetR7_2 Pin=R7-2
Added Pin To Net: NetName=NetR7_2 Pin=U1-3
Added Net: Name=NetR7_2
Added Pin To Net: NetName=NODO1 Pin=R3-2
Added Pin To Net: NetName=NODO1 Pin=R4-1
Added Pin To Net: NetName=NODO1 Pin=U3-5
Added Net: Name=NODO1
Added Pin To Net: NetName=NODO2 Pin=R11-2
Added Pin To Net: NetName=NODO2 Pin=U3-6
Added Pin To Net: NetName=NODO2 Pin=U3-7
Added Net: Name=NODO2
Added Pin To Net: NetName=OUT Pin=C2-1
Added Pin To Net: NetName=OUT Pin=P1-3
Added Pin To Net: NetName=OUT Pin=R1-2
Added Net: Name=OUT
Added Class: Name=EMG
Added Room: Name=EMG
