Replace Part * PADS in D:\Workspace_Altium\EMG\EMG.SchDoc with PADS from EMG.SchLib
Replace Part C1 06033C101KAT2A in D:\Workspace_Altium\EMG\EMG.SchDoc with 06033C101KAT2A from EMG.SchLib
Replace Part C2 GRM188R71E104KA01D in D:\Workspace_Altium\EMG\EMG.SchDoc with GRM188R71E104KA01D from EMG.SchLib
Replace Part C3 GRM188R71E104KA01D in D:\Workspace_Altium\EMG\EMG.SchDoc with GRM188R71E104KA01D from EMG.SchLib
Replace Part C4 GRM188R71E104KA01D in D:\Workspace_Altium\EMG\EMG.SchDoc with GRM188R71E104KA01D from EMG.SchLib
Replace Part C5 GRM1885C1H751JA01D in D:\Workspace_Altium\EMG\EMG.SchDoc with GRM1885C1H751JA01D from EMG.SchLib
Replace Part C6 GRM188R61E105KA12D in D:\Workspace_Altium\EMG\EMG.SchDoc with GRM188R61E105KA12D from EMG.SchLib
Replace Part C7 GRM188R71E104KA01D in D:\Workspace_Altium\EMG\EMG.SchDoc with GRM188R71E104KA01D from EMG.SchLib
Replace Part C8 GRM188R61E105KA12D in D:\Workspace_Altium\EMG\EMG.SchDoc with GRM188R61E105KA12D from EMG.SchLib
Replace Part P1 Header 4 in D:\Workspace_Altium\EMG\EMG.SchDoc with Header 4 from Miscellaneous Connectors.IntLib
Replace Part R1 ERJ-3EKF1000V in D:\Workspace_Altium\EMG\EMG.SchDoc with ERJ-3EKF1000V from EMG.SchLib
Replace Part R2 MCT06030C1004FP500 in D:\Workspace_Altium\EMG\EMG.SchDoc with MCT06030C1004FP500 from EMG.SchLib
Replace Part R3 ERJ-3EKF2002V in D:\Workspace_Altium\EMG\EMG.SchDoc with ERJ-3EKF2002V from EMG.SchLib
Replace Part R4 ERJ-3EKF2002V in D:\Workspace_Altium\EMG\EMG.SchDoc with ERJ-3EKF2002V from EMG.SchLib
Replace Part R5 MCT06030C1003FP500 in D:\Workspace_Altium\EMG\EMG.SchDoc with MCT06030C1003FP500 from EMG.SchLib
Replace Part R6 MCT06030C1002FP500 in D:\Workspace_Altium\EMG\EMG.SchDoc with MCT06030C1002FP500 from EMG.SchLib
Replace Part R7 MCT06030C1003FP500 in D:\Workspace_Altium\EMG\EMG.SchDoc with MCT06030C1003FP500 from EMG.SchLib
Replace Part R8 MCR01MRTJ335 in D:\Workspace_Altium\EMG\EMG.SchDoc with MCR01MRTJ335 from EMG.SchLib
Replace Part R9 MCT06030C2003FP500 in D:\Workspace_Altium\EMG\EMG.SchDoc with MCT06030C2003FP500 from EMG.SchLib
Replace Part R10 MCT06030C1003FP500 in D:\Workspace_Altium\EMG\EMG.SchDoc with MCT06030C1003FP500 from EMG.SchLib
Replace Part R11 ERJ-3EKF2002V in D:\Workspace_Altium\EMG\EMG.SchDoc with ERJ-3EKF2002V from EMG.SchLib
Replace Part R12 MCT06030C1003FP500 in D:\Workspace_Altium\EMG\EMG.SchDoc with MCT06030C1003FP500 from EMG.SchLib
Replace Part U1 INA326EA/2K5 in D:\Workspace_Altium\EMG\EMG.SchDoc with INA326EA/2K5 from EMG.SchLib
Replace Part U2 OPA2335AIDGKR in D:\Workspace_Altium\EMG\EMG.SchDoc with OPA2335AIDGKR from EMG.SchLib
Replace Part U3 OPA2335AIDGKR in D:\Workspace_Altium\EMG\EMG.SchDoc with OPA2335AIDGKR from EMG.SchLib
