Added Component: Designator=C1(C0603)
Added Component: Designator=C2(C0603)
Added Component: Designator=C3(C0805)
Added Component: Designator=C4(CSVB)
Added Component: Designator=C5(C0603)
Added Component: Designator=C7(C0603)
Added Component: Designator=J1(2POS3.5mm)
Added Component: Designator=L1(R0603)
Added Component: Designator=L2(R0603)
Added Component: Designator=P1(HDR2X4_CEN)
Added Component: Designator=P2(HDR2X2)
Added Component: Designator=P3(HDR1X5)
Added Component: Designator=P4(HDR1X3)
Added Component: Designator=P5(HDR1X3)
Added Component: Designator=P6(HDR1X3)
Added Component: Designator=P7(HDR1X3)
Added Component: Designator=P8(HDR1X3)
Added Component: Designator=R1(R0603)
Added Component: Designator=R2(R0603)
Added Component: Designator=R3(R0603)
Added Component: Designator=S1(SPST-2)
Added Component: Designator=S2(SPST-2)
Added Component: Designator=U1(SO-8)
Added Component: Designator=U3(SOT-23)
Added Pin To Net: NetName=+1V25 Pin=C1-1
Added Pin To Net: NetName=+1V25 Pin=P1-2
Added Pin To Net: NetName=+1V25 Pin=P1-6
Added Pin To Net: NetName=+1V25 Pin=R1-1
Added Pin To Net: NetName=+1V25 Pin=U1-2
Added Net: Name=+1V25
Added Pin To Net: NetName=+5V/ANA Pin=C5-2
Added Pin To Net: NetName=+5V/ANA Pin=L1-2
Added Pin To Net: NetName=+5V/ANA Pin=P1-1
Added Pin To Net: NetName=+5V/ANA Pin=P1-5
Added Net: Name=+5V/ANA
Added Pin To Net: NetName=+5V/DIG Pin=C1-2
Added Pin To Net: NetName=+5V/DIG Pin=C4-1
Added Pin To Net: NetName=+5V/DIG Pin=C7-2
Added Pin To Net: NetName=+5V/DIG Pin=J1-1
Added Pin To Net: NetName=+5V/DIG Pin=L1-1
Added Pin To Net: NetName=+5V/DIG Pin=P2-1
Added Pin To Net: NetName=+5V/DIG Pin=P3-1
Added Pin To Net: NetName=+5V/DIG Pin=P4-2
Added Pin To Net: NetName=+5V/DIG Pin=P5-2
Added Pin To Net: NetName=+5V/DIG Pin=P6-2
Added Pin To Net: NetName=+5V/DIG Pin=P7-2
Added Pin To Net: NetName=+5V/DIG Pin=P8-2
Added Pin To Net: NetName=+5V/DIG Pin=S1-2
Added Pin To Net: NetName=+5V/DIG Pin=S2-2
Added Pin To Net: NetName=+5V/DIG Pin=U1-7
Added Net: Name=+5V/DIG
Added Pin To Net: NetName=AGND Pin=C5-1
Added Pin To Net: NetName=AGND Pin=L2-2
Added Pin To Net: NetName=AGND Pin=P1-4
Added Pin To Net: NetName=AGND Pin=P1-8
Added Net: Name=AGND
Added Pin To Net: NetName=E1 Pin=P1-3
Added Net: Name=E1
Added Pin To Net: NetName=E2 Pin=P1-7
Added Net: Name=E2
Added Pin To Net: NetName=GND Pin=C2-1
Added Pin To Net: NetName=GND Pin=C3-1
Added Pin To Net: NetName=GND Pin=C4-2
Added Pin To Net: NetName=GND Pin=C7-1
Added Pin To Net: NetName=GND Pin=J1-2
Added Pin To Net: NetName=GND Pin=L2-1
Added Pin To Net: NetName=GND Pin=P2-3
Added Pin To Net: NetName=GND Pin=P3-4
Added Pin To Net: NetName=GND Pin=P4-3
Added Pin To Net: NetName=GND Pin=P5-3
Added Pin To Net: NetName=GND Pin=P6-3
Added Pin To Net: NetName=GND Pin=P7-3
Added Pin To Net: NetName=GND Pin=P8-3
Added Pin To Net: NetName=GND Pin=R2-1
Added Pin To Net: NetName=GND Pin=R3-1
Added Pin To Net: NetName=GND Pin=U1-4
Added Pin To Net: NetName=GND Pin=U3-3
Added Net: Name=GND
Added Pin To Net: NetName=NetC2_2 Pin=C2-2
Added Pin To Net: NetName=NetC2_2 Pin=U3-1
Added Net: Name=NetC2_2
Added Pin To Net: NetName=NetC3_2 Pin=C3-2
Added Pin To Net: NetName=NetC3_2 Pin=U1-3
Added Pin To Net: NetName=NetC3_2 Pin=U3-2
Added Net: Name=NetC3_2
Added Pin To Net: NetName=NetR1_2 Pin=R1-2
Added Pin To Net: NetName=NetR1_2 Pin=U1-6
Added Net: Name=NetR1_2
Added Pin To Net: NetName=RX_LCD Pin=P3-2
Added Net: Name=RX_LCD
Added Pin To Net: NetName=RX_VR Pin=P2-2
Added Net: Name=RX_VR
Added Pin To Net: NetName=S1 Pin=P4-1
Added Net: Name=S1
Added Pin To Net: NetName=S2 Pin=P5-1
Added Net: Name=S2
Added Pin To Net: NetName=S3 Pin=P6-1
Added Net: Name=S3
Added Pin To Net: NetName=S4 Pin=P7-1
Added Net: Name=S4
Added Pin To Net: NetName=S5 Pin=P8-1
Added Net: Name=S5
Added Pin To Net: NetName=SW1 Pin=R3-2
Added Pin To Net: NetName=SW1 Pin=S2-1
Added Net: Name=SW1
Added Pin To Net: NetName=SW2 Pin=R2-2
Added Pin To Net: NetName=SW2 Pin=S1-1
Added Net: Name=SW2
Added Pin To Net: NetName=TX_LCD Pin=P3-3
Added Net: Name=TX_LCD
Added Pin To Net: NetName=TX_VR Pin=P2-4
Added Net: Name=TX_VR
Added Class: Name=Control
Added Room: Name=Control
