Kernel solverccd - Version 2016.4 Build: 20160628
Kernel solverccd has started
Install path: \
Performing direct IR-Drop calculation
Starting pcbmerge
pcbmerge - Version 2016.4 Build: 20160628
Reading dar-file
Opening input file
Healing antipads
Extracting geometry of signals nets
Creating containers
Combining nets with allowed overlap
Connecting gridded paths
Removing small cutouts
Self-checking
Self check of signal objects ...
Extracting geometry of reference nets
Creating containers
Combining nets with allowed overlap
Connecting gridded paths
Removing small cutouts
Self-checking
Self check of reference objects ...
Smoothing parts
Smoothing signal objects ...
Smoothing reference objects ...
Checking overlap
Merging signal areas
Merging signal areas ...
Merging reference areas
Merging reference areas ...
Reducing power and ground nets
Merging paths
Meshing parts
Discretizing 2 layers
Building topology and writing results
Check Topology
Single ended nodes detected!
  16 high-resistance connections to gnd were inserted!
Writing Results
   No. Signal Capacitive Areas:      4938
   No. Reference Capacitive Areas:   0
   No. Signal Inductive Segments:    7039
   No. Reference Inductive Segments: 0
   No. Via Inductive Segments:       5
   No. Dielectric Elements:          0
   No. Terminals:                    50
Program pcbmerge has finished in 2 sec 
export3d - Version 2016.4 Build: 20160628
export3d has started
Reading neutral top data
Reading component selection
Reading PEEC model data
Writing model
Unknown key 'PowerModel.RInternal'
Unknown key 'PowerModel.DefinedBy'
Unknown key 'PowerModel.RInternal'
Unknown key 'PowerModel.DefinedBy'
Unknown key 'PowerModel.RInternal'
Unknown key 'PowerModel.DefinedBy'

 Direct solver: time for creating solver matrix was 0 sec 
 Direct solver: time for deleting Yn matrix was 0 sec 
 Direct solver: time for sorting solver matrix was 0 sec 
 Direct solver: time for allocating pre-conditioner was 0 sec 
 Direct solver: time for matrix scaling was 0 sec 
 Direct solver: time for pre-conditioning was 0 sec 
 Direct solver: time for allocating solver was 0 sec 
 Direct solver: time for scaling the excitation was 0 sec 
 Direct solver: time for solving was 0 sec 
 Direct solver: time for scaling the solution was 0 sec 
 Direct solver: time for deallocating matrix and solver memory was 0 sec 
 Direct solver finished in 0 sec 
Creating dsn file
export3d finished successfully in 0 sec 

currcalc - Version 2016.4 Build: 20160628
currcalc has started
Reading input data
 instance pcbsschem1.p1: Preparing calculation
 instance pcbsschem1.p1: Reading model data
 instance pcbsschem1.p1: Reading model option data
 instance pcbsschem1.p1: Reading model mesh data
 instance pcbsschem1.p1: Reading model mapping data
Reading circuit result data
 Reading circuit result data - iteration 0
 Processing data - iteration 0
 Creating Altium json data - iteration 0
Creating voltage/current data
Kernel currcalc finished successfully in 1 sec 

 direct IR-Drop calculation done
Kernel solverccd has finished in 3 sec 

