
Importing D:\Workspace_Altium\Galileo_Control_Board\PDNAnalyzer_Output\Galileo_Control_Board.tgz... [Tue Jul 12 11:01:30 2016]
============================================================
Reading ODB++ database ...

file not found: odb/misc/info.Z
Reading file odb/matrix/matrix...
Reading file odb/steps/pcb/profile...
Reading file odb/steps/pcb/eda/data...
Origin of ODB++ database:  Altium Designer file - Version 1.0.0.30000
eda data: 15 packages, 54 nets.
Reading file odb/steps/pcb/layers/topsolder/features...
212 SWHs on layer TOPSOLDER
Reading file odb/steps/pcb/layers/top/features...
664 SWHs on layer TOP
Reading file odb/steps/pcb/layers/bottom/features...
269 SWHs on layer BOTTOM
Reading file odb/steps/pcb/layers/bottomsolder/features...
96 SWHs on layer BOTTOMSOLDER
Added substrate layer SUBSTRATE-1 below etch layer TOP
Reading file odb/steps/pcb/layers/topsolder/attrlist...
Reading file odb/steps/pcb/layers/top/attrlist...
Reading file odb/steps/pcb/layers/bottom/attrlist...
Reading file odb/steps/pcb/layers/bottomsolder/attrlist...
parsing drills TOP-BOTTOM
Reading file odb/steps/pcb/layers/drill/features...
Reading file odb/steps/pcb/layers/comp_+_top/components...
Reading file odb/steps/pcb/layers/comp_+_bot/components...
WARNING: 33 duplicate vertices ignored
========================================
INFO: Created CSV file (D:\Workspace_Altium\Galileo_Control_Board\PDNAnalyzer_Output\Results\tmp\design.csv) with component properties extracted from ODB++ file.
========================================
========================================
Lumped-element import (D:\Workspace_Altium\Galileo_Control_Board\PDNAnalyzer_Output\Results\tmp\design.csv)...
Detected ' ; ' as separator.

Value-string translations:
	0.2 ->  200.0 mOhms (R)
	100 ->  100.0 Ohms (R)
	100nF ->  100.0 nF (C)
	10nF ->  10.0 nF (C)
	10uF ->  10.0 uF (C)
	10uF,_T ->  10.0 uF (C)
	1uF ->  1.0 uF (C)
	2.2uF ->  2.2 uF (C)
	47k ->  47.0 kOhms (R)
WARNING: unable to interpret: EMI_FILTER_BED
========================================
WARNING: There were some warnings while importing the auto-generated CSV-file 'D:\Workspace_Altium\Galileo_Control_Board\PDNAnalyzer_Output\Results\tmp\design.csv'. Please review the auto-generated file under Parts Editor->Load (csv).
========================================
Unifying library padstacks...
Finished reading database.
============================================================
