Added Component: Designator=C1(C0603)
Added Component: Designator=C2(C0805)
Added Component: Designator=C3(C0603)
Added Component: Designator=C4(C0805)
Added Component: Designator=C5(C1206)
Added Component: Designator=C6(C1210)
Added Component: Designator=C7(EEF-UE)
Added Component: Designator=C8(C0603)
Added Component: Designator=C9(FK-G)
Added Component: Designator=C10(C1206)
Added Component: Designator=C11(C1206)
Added Component: Designator=C12(C1206)
Added Component: Designator=C13(C1206)
Added Component: Designator=D1(SOD323)
Added Component: Designator=J1(PAD_WITH_HOLE_4x1mm)
Added Component: Designator=J2(PAD_WITH_HOLE_4x1mm)
Added Component: Designator=J3(PAD_WITH_HOLE_4x1mm)
Added Component: Designator=J4(PAD_WITH_HOLE_4x1mm)
Added Component: Designator=J5(PAD_WITH_HOLE_4x1mm)
Added Component: Designator=J6(PAD_WITH_HOLE_4x1mm)
Added Component: Designator=J7(PAD_WITH_HOLE_4x1mm)
Added Component: Designator=J8(PAD_WITH_HOLE_4x1mm)
Added Component: Designator=R1(R0603)
Added Component: Designator=R2(R0805)
Added Component: Designator=R3(R0805)
Added Component: Designator=R4(R0805)
Added Component: Designator=R5(R0805)
Added Component: Designator=R6(R0805)
Added Component: Designator=R7(R0805)
Added Component: Designator=U1(SO-8)
Added Component: Designator=U2(NDW0007A)
Added Component: Designator=U3(SOT-23)
Added Component: Designator=U4(SOT23-5)
Added Pin To Net: NetName=+1V25 Pin=J1-1
Added Pin To Net: NetName=+1V25 Pin=R1-1
Added Pin To Net: NetName=+1V25 Pin=U1-2
Added Net: Name=+1V25
Added Pin To Net: NetName=+3V3 Pin=J5-1
Added Pin To Net: NetName=+3V3 Pin=U4-5
Added Net: Name=+3V3
Added Pin To Net: NetName=+5V/5A Pin=C1-2
Added Pin To Net: NetName=+5V/5A Pin=C3-2
Added Pin To Net: NetName=+5V/5A Pin=C6-1
Added Pin To Net: NetName=+5V/5A Pin=C7-1
Added Pin To Net: NetName=+5V/5A Pin=C8-2
Added Pin To Net: NetName=+5V/5A Pin=J3-1
Added Pin To Net: NetName=+5V/5A Pin=R2-2
Added Pin To Net: NetName=+5V/5A Pin=U1-7
Added Pin To Net: NetName=+5V/5A Pin=U2-7
Added Pin To Net: NetName=+5V/5A Pin=U3-1
Added Pin To Net: NetName=+5V/5A Pin=U4-1
Added Pin To Net: NetName=+5V/5A Pin=U4-3
Added Net: Name=+5V/5A
Added Pin To Net: NetName=GND Pin=C1-1
Added Pin To Net: NetName=GND Pin=C2-1
Added Pin To Net: NetName=GND Pin=C3-1
Added Pin To Net: NetName=GND Pin=C4-1
Added Pin To Net: NetName=GND Pin=C5-2
Added Pin To Net: NetName=GND Pin=C6-2
Added Pin To Net: NetName=GND Pin=C7-2
Added Pin To Net: NetName=GND Pin=C8-1
Added Pin To Net: NetName=GND Pin=C9-2
Added Pin To Net: NetName=GND Pin=C10-2
Added Pin To Net: NetName=GND Pin=C11-1
Added Pin To Net: NetName=GND Pin=C12-2
Added Pin To Net: NetName=GND Pin=C13-1
Added Pin To Net: NetName=GND Pin=J2-1
Added Pin To Net: NetName=GND Pin=J6-1
Added Pin To Net: NetName=GND Pin=J7-1
Added Pin To Net: NetName=GND Pin=J8-1
Added Pin To Net: NetName=GND Pin=R3-1
Added Pin To Net: NetName=GND Pin=R4-1
Added Pin To Net: NetName=GND Pin=R5-1
Added Pin To Net: NetName=GND Pin=R6-2
Added Pin To Net: NetName=GND Pin=R7-1
Added Pin To Net: NetName=GND Pin=R7-2
Added Pin To Net: NetName=GND Pin=U1-1
Added Pin To Net: NetName=GND Pin=U1-4
Added Pin To Net: NetName=GND Pin=U1-5
Added Pin To Net: NetName=GND Pin=U1-8
Added Pin To Net: NetName=GND Pin=U2-8
Added Pin To Net: NetName=GND Pin=U3-3
Added Pin To Net: NetName=GND Pin=U4-2
Added Net: Name=GND
Added Pin To Net: NetName=NetC2_2 Pin=C2-2
Added Pin To Net: NetName=NetC2_2 Pin=U1-3
Added Pin To Net: NetName=NetC2_2 Pin=U3-2
Added Net: Name=NetC2_2
Added Pin To Net: NetName=NetC4_2 Pin=C4-2
Added Pin To Net: NetName=NetC4_2 Pin=U4-4
Added Net: Name=NetC4_2
Added Pin To Net: NetName=NetC5_1 Pin=C5-1
Added Pin To Net: NetName=NetC5_1 Pin=U2-6
Added Net: Name=NetC5_1
Added Pin To Net: NetName=NetR1_2 Pin=R1-2
Added Pin To Net: NetName=NetR1_2 Pin=U1-6
Added Net: Name=NetR1_2
Added Pin To Net: NetName=NetR2_1 Pin=R2-1
Added Pin To Net: NetName=NetR2_1 Pin=R3-2
Added Pin To Net: NetName=NetR2_1 Pin=U2-5
Added Net: Name=NetR2_1
Added Pin To Net: NetName=NetR4_2 Pin=R4-2
Added Pin To Net: NetName=NetR4_2 Pin=U2-2
Added Net: Name=NetR4_2
Added Pin To Net: NetName=NetR5_2 Pin=R5-2
Added Pin To Net: NetName=NetR5_2 Pin=U2-3
Added Net: Name=NetR5_2
Added Pin To Net: NetName=VIN Pin=C9-1
Added Pin To Net: NetName=VIN Pin=C10-1
Added Pin To Net: NetName=VIN Pin=C11-2
Added Pin To Net: NetName=VIN Pin=C12-1
Added Pin To Net: NetName=VIN Pin=C13-2
Added Pin To Net: NetName=VIN Pin=J4-1
Added Pin To Net: NetName=VIN Pin=R6-1
Added Pin To Net: NetName=VIN Pin=U2-1
Added Net: Name=VIN
Added Class: Name=DCDC
Added Room: Name=DCDC
