Replace Part C1 GRM188R71E104KA01D in D:\Workspace_Altium\DCDC\DCDC.SchDoc with GRM188R71E104KA01D from EMG.SchLib
Replace Part C2 GRM216R71H103KA01D in D:\Workspace_Altium\DCDC\DCDC.SchDoc with GRM216R71H103KA01D from ISL.SchLib
Replace Part C3 GRM188R61E105KA12D in D:\Workspace_Altium\DCDC\DCDC.SchDoc with GRM188R61E105KA12D from EMG.SchLib
Replace Part C4 GRM216R71H103KA01D in D:\Workspace_Altium\DCDC\DCDC.SchDoc with GRM216R71H103KA01D from ISL.SchLib
Replace Part C5 C1206C474K5RACTU in D:\Workspace_Altium\DCDC\DCDC.SchDoc with C1206C474K5RACTU from DCDC.SchLib
Replace Part C6 C3225X5R0J107M250AC in D:\Workspace_Altium\DCDC\DCDC.SchDoc with C3225X5R0J107M250AC from DCDC.SchLib
Replace Part C7 EEF-UE0J221LR in D:\Workspace_Altium\DCDC\DCDC.SchDoc with EEF-UE0J221LR from DCDC.SchLib
Replace Part C8 GRM188R61E105KA12D in D:\Workspace_Altium\DCDC\DCDC.SchDoc with GRM188R61E105KA12D from EMG.SchLib
Replace Part C9 EEE-FK1H151P in D:\Workspace_Altium\DCDC\DCDC.SchDoc with EEE-FK1H151P from DCDC.SchLib
Replace Part C10 C1206C474K5RACTU in D:\Workspace_Altium\DCDC\DCDC.SchDoc with C1206C474K5RACTU from DCDC.SchLib
Replace Part C11 GRM31CR61H106KA12L in D:\Workspace_Altium\DCDC\DCDC.SchDoc with GRM31CR61H106KA12L from DCDC.SchLib
Replace Part C12 C1206C474K5RACTU in D:\Workspace_Altium\DCDC\DCDC.SchDoc with C1206C474K5RACTU from DCDC.SchLib
Replace Part C13 GRM31CR61H106KA12L in D:\Workspace_Altium\DCDC\DCDC.SchDoc with GRM31CR61H106KA12L from DCDC.SchLib
Replace Part D1 MMSZ5231BS-7-F in D:\Workspace_Altium\DCDC\DCDC.SchDoc with MMSZ5231BS-7-F from DCDC.SchLib
Replace Part J1 PAD_4mmx1.5mm_Hole in D:\Workspace_Altium\DCDC\DCDC.SchDoc with PAD_4mmx1.5mm_Hole from ISL.SchLib
Replace Part J2 PAD_4mmx1.5mm_Hole in D:\Workspace_Altium\DCDC\DCDC.SchDoc with PAD_4mmx1.5mm_Hole from ISL.SchLib
Replace Part J3 PAD_4mmx1.5mm_Hole in D:\Workspace_Altium\DCDC\DCDC.SchDoc with PAD_4mmx1.5mm_Hole from ISL.SchLib
Replace Part J4 PAD_4mmx1.5mm_Hole in D:\Workspace_Altium\DCDC\DCDC.SchDoc with PAD_4mmx1.5mm_Hole from ISL.SchLib
Replace Part J5 PAD_4mmx1.5mm_Hole in D:\Workspace_Altium\DCDC\DCDC.SchDoc with PAD_4mmx1.5mm_Hole from ISL.SchLib
Replace Part J6 PAD_4mmx1.5mm_Hole in D:\Workspace_Altium\DCDC\DCDC.SchDoc with PAD_4mmx1.5mm_Hole from ISL.SchLib
Replace Part J7 PAD_4mmx1.5mm_Hole in D:\Workspace_Altium\DCDC\DCDC.SchDoc with PAD_4mmx1.5mm_Hole from ISL.SchLib
Replace Part J8 PAD_4mmx1.5mm_Hole in D:\Workspace_Altium\DCDC\DCDC.SchDoc with PAD_4mmx1.5mm_Hole from ISL.SchLib
Replace Part R1 ERJ-3EKF1000V in D:\Workspace_Altium\DCDC\DCDC.SchDoc with ERJ-3EKF1000V from EMG.SchLib
Replace Part R2 CRCW08055K62FKEAHP in D:\Workspace_Altium\DCDC\DCDC.SchDoc with CRCW08055K62FKEAHP from DCDC.SchLib
Replace Part R3 ERJ-6ENF1071V in D:\Workspace_Altium\DCDC\DCDC.SchDoc with ERJ-6ENF1071V from DCDC.SchLib
Replace Part R4 ERJ-6ENF1501V in D:\Workspace_Altium\DCDC\DCDC.SchDoc with ERJ-6ENF1501V from DCDC.SchLib
Replace Part R5 RCA0805100RFKEA in D:\Workspace_Altium\DCDC\DCDC.SchDoc with RCA0805100RFKEA from DCDC.SchLib
Replace Part R6 ERJ-6ENF4222V in D:\Workspace_Altium\DCDC\DCDC.SchDoc with ERJ-6ENF4222V from DCDC.SchLib
Replace Part R7 ERJ-6ENF1272V in D:\Workspace_Altium\DCDC\DCDC.SchDoc with ERJ-6ENF1272V from DCDC.SchLib
Replace Part U1 OPA335AIDR in D:\Workspace_Altium\DCDC\DCDC.SchDoc with OPA335AIDR from DCDC.SchLib
Replace Part U2 LMZ22005TZE/NOPB in D:\Workspace_Altium\DCDC\DCDC.SchDoc with LMZ22005TZE/NOPB from DCDC.SchLib
Replace Part U3 REF3112AIDBZR in D:\Workspace_Altium\DCDC\DCDC.SchDoc with REF3112AIDBZR from DCDC.SchLib
Replace Part U4 TPS73633DBVR in D:\Workspace_Altium\DCDC\DCDC.SchDoc with TPS73633DBVR from DCDC.SchLib
